SF:lib/core/network/newtork_info.dart
DA:13,1
DA:15,1
DA:16,2
LF:3
LH:3
end_of_record
SF:lib/core/exceptions/exceptions.dart
DA:3,2
LF:1
LH:1
end_of_record
SF:lib/features/news/data/datasource/news_remote_data_source.dart
DA:30,1
DA:33,0
DA:37,1
DA:43,1
DA:49,1
DA:57,3
DA:59,1
DA:62,2
DA:65,2
DA:66,2
DA:68,2
DA:69,1
DA:70,1
LF:13
LH:12
end_of_record
SF:lib/features/news/data/model/news_item_model.dart
DA:5,9
DA:14,3
DA:24,6
DA:25,3
DA:26,3
DA:27,3
DA:28,3
DA:29,3
DA:30,3
DA:31,3
DA:32,3
DA:35,4
DA:36,2
DA:37,2
DA:38,2
DA:39,2
DA:40,2
DA:41,2
DA:42,2
DA:43,2
LF:20
LH:20
end_of_record
SF:lib/features/news/data/model/news_model.dart
DA:8,1
DA:10,2
DA:19,0
DA:22,8
DA:28,2
DA:36,4
DA:37,2
DA:38,2
DA:39,8
DA:41,2
DA:42,2
DA:43,4
DA:44,6
DA:46,2
DA:49,2
DA:50,1
DA:51,4
DA:52,1
DA:54,5
DA:55,1
LF:20
LH:19
end_of_record
SF:lib/features/news/domain/entity/news_item.dart
DA:4,9
DA:24,4
DA:25,16
LF:3
LH:3
end_of_record
SF:lib/features/news/domain/entity/news.dart
DA:5,8
DA:19,2
DA:20,6
LF:3
LH:3
end_of_record
SF:lib/core/failure/api_failure.freezed.dart
DA:10,0
DA:14,3
DA:17,0
DA:18,0
DA:24,0
DA:29,0
DA:77,0
DA:95,0
DA:97,0
DA:99,0
DA:100,0
DA:102,0
DA:106,0
DA:107,0
DA:114,7
DA:119,2
DA:121,4
DA:124,2
DA:127,1
DA:128,2
DA:129,3
DA:132,2
DA:134,10
DA:136,0
DA:139,0
DA:141,0
DA:148,0
DA:149,0
DA:150,0
DA:151,0
DA:154,0
DA:162,0
DA:164,0
DA:166,0
DA:169,0
DA:176,0
DA:177,0
DA:178,0
DA:179,0
DA:182,0
DA:190,0
DA:192,0
DA:194,0
DA:216,0
DA:218,0
DA:220,0
DA:221,0
DA:226,3
DA:228,0
DA:233,0
DA:235,0
DA:238,0
DA:239,0
DA:241,0
DA:248,0
DA:249,0
DA:250,0
DA:251,0
DA:254,0
DA:262,0
DA:264,0
DA:266,0
DA:269,0
DA:276,0
DA:277,0
DA:278,0
DA:279,0
DA:282,0
DA:290,0
DA:292,0
DA:294,0
DA:313,0
DA:315,0
DA:317,0
DA:318,0
DA:323,6
DA:325,1
DA:330,1
DA:332,0
DA:335,1
DA:336,2
DA:338,0
DA:345,0
DA:346,0
DA:347,0
DA:348,0
DA:351,0
DA:359,0
DA:361,0
DA:363,0
DA:366,0
DA:373,0
DA:374,0
DA:375,0
DA:376,0
DA:379,0
DA:387,0
DA:389,0
DA:391,0
LF:99
LH:16
end_of_record
SF:lib/features/news/data/datasource/news_local_data_source.dart
DA:16,0
DA:22,0
LF:2
LH:0
end_of_record
SF:lib/features/news/data/repository/news_repository.dart
DA:17,1
DA:20,0
DA:21,0
DA:24,1
DA:26,3
DA:28,1
DA:37,1
DA:41,3
DA:46,2
DA:47,1
DA:48,1
DA:49,3
DA:51,3
LF:13
LH:11
end_of_record
SF:lib/core/usecase/usecase.dart
DA:9,0
DA:10,0
LF:2
LH:0
end_of_record
SF:lib/features/news/domain/usecase/get_news.dart
DA:18,1
DA:24,1
DA:25,1
DA:26,3
DA:27,2
DA:28,1
DA:29,1
DA:30,3
DA:35,3
DA:36,5
DA:37,2
DA:38,1
DA:39,2
DA:41,1
DA:42,4
DA:43,2
DA:44,3
DA:48,1
LF:18
LH:18
end_of_record
SF:lib/features/news/presentation/news_list/news_bloc.freezed.dart
DA:10,0
DA:14,1
DA:17,0
DA:22,0
DA:23,0
DA:29,0
DA:34,0
DA:85,0
DA:102,0
DA:104,0
DA:106,0
DA:107,0
DA:112,2
DA:114,0
DA:119,0
DA:121,0
DA:124,0
DA:125,0
DA:127,0
DA:135,0
DA:136,0
DA:137,0
DA:138,0
DA:139,0
DA:142,0
DA:151,0
DA:153,0
DA:155,0
DA:158,1
DA:166,0
DA:167,0
DA:168,0
DA:169,0
DA:170,1
DA:173,0
DA:182,0
DA:184,0
DA:186,0
DA:205,0
DA:207,0
DA:209,0
DA:210,0
DA:212,0
DA:216,0
DA:217,0
DA:218,0
DA:226,1
DA:231,0
DA:233,0
DA:236,0
DA:239,0
DA:240,0
DA:241,0
DA:244,0
DA:246,0
DA:248,0
DA:251,0
DA:253,0
DA:261,0
DA:262,0
DA:263,0
DA:264,0
DA:265,0
DA:268,0
DA:277,0
DA:279,0
DA:281,0
DA:284,1
DA:292,0
DA:293,0
DA:294,0
DA:295,0
DA:296,1
DA:299,0
DA:308,0
DA:310,0
DA:312,0
DA:335,0
DA:337,0
DA:339,0
DA:340,0
DA:345,1
DA:347,0
DA:352,0
DA:354,0
DA:357,0
DA:358,0
DA:360,0
DA:368,0
DA:369,0
DA:370,0
DA:371,0
DA:372,0
DA:375,0
DA:384,0
DA:386,0
DA:388,0
DA:391,0
DA:399,0
DA:400,0
DA:401,0
DA:402,0
DA:403,0
DA:406,0
DA:415,0
DA:417,0
DA:419,0
DA:438,0
DA:440,0
DA:442,0
DA:443,0
DA:448,1
DA:450,0
DA:455,0
DA:457,0
DA:460,0
DA:461,0
DA:463,0
DA:471,0
DA:472,0
DA:473,0
DA:474,0
DA:475,0
DA:478,0
DA:487,0
DA:489,0
DA:491,0
DA:494,0
DA:502,0
DA:503,0
DA:504,0
DA:505,0
DA:506,0
DA:509,0
DA:518,0
DA:520,0
DA:522,0
DA:532,1
DA:535,0
DA:540,0
DA:545,0
DA:546,0
DA:552,0
DA:553,0
DA:559,0
DA:560,0
DA:566,0
DA:567,0
DA:573,0
DA:574,0
DA:638,0
DA:654,0
DA:655,0
DA:657,0
DA:658,0
DA:663,3
DA:665,0
DA:670,1
DA:672,0
DA:675,0
DA:676,0
DA:678,0
DA:689,0
DA:690,0
DA:691,0
DA:692,0
DA:693,0
DA:694,0
DA:695,0
DA:696,0
DA:699,0
DA:711,0
DA:713,0
DA:715,0
DA:718,0
DA:729,0
DA:730,0
DA:731,0
DA:732,0
DA:733,0
DA:734,0
DA:735,0
DA:736,0
DA:739,0
DA:751,0
DA:753,0
DA:755,0
DA:772,0
DA:773,0
DA:775,0
DA:776,0
DA:781,3
DA:783,1
DA:788,1
DA:790,1
DA:793,1
DA:794,2
DA:796,0
DA:807,0
DA:808,0
DA:809,0
DA:810,0
DA:811,0
DA:812,0
DA:813,0
DA:814,0
DA:817,0
DA:829,0
DA:831,0
DA:833,0
DA:836,0
DA:847,0
DA:848,0
DA:849,0
DA:850,0
DA:851,0
DA:852,0
DA:853,0
DA:854,0
DA:857,0
DA:869,0
DA:871,0
DA:873,0
DA:892,0
DA:894,0
DA:896,0
DA:897,0
DA:899,0
DA:903,0
DA:904,0
DA:905,0
DA:913,0
DA:918,0
DA:920,0
DA:923,0
DA:926,0
DA:927,0
DA:929,0
DA:932,0
DA:934,0
DA:936,0
DA:939,0
DA:941,0
DA:952,0
DA:953,0
DA:954,0
DA:955,0
DA:956,0
DA:957,0
DA:958,0
DA:959,0
DA:962,0
DA:974,0
DA:976,0
DA:978,0
DA:981,0
DA:992,0
DA:993,0
DA:994,0
DA:995,0
DA:996,0
DA:997,0
DA:998,0
DA:999,0
DA:1002,0
DA:1014,0
DA:1016,0
DA:1018,0
DA:1040,0
DA:1041,0
DA:1043,0
DA:1044,0
DA:1046,0
DA:1050,0
DA:1051,0
DA:1058,1
DA:1063,1
DA:1065,2
DA:1068,1
DA:1071,1
DA:1072,2
DA:1074,3
DA:1077,1
DA:1079,5
DA:1081,0
DA:1084,0
DA:1086,0
DA:1097,0
DA:1098,0
DA:1099,0
DA:1100,0
DA:1101,0
DA:1102,0
DA:1103,0
DA:1104,0
DA:1107,0
DA:1119,0
DA:1121,0
DA:1123,0
DA:1126,0
DA:1137,0
DA:1138,0
DA:1139,0
DA:1140,0
DA:1141,0
DA:1142,0
DA:1143,0
DA:1144,0
DA:1147,0
DA:1159,0
DA:1161,0
DA:1163,0
DA:1187,0
DA:1189,0
DA:1191,0
DA:1192,0
DA:1194,0
DA:1198,0
DA:1199,0
DA:1206,0
DA:1211,0
DA:1213,0
DA:1216,0
DA:1219,0
DA:1220,0
DA:1222,0
DA:1225,0
DA:1227,0
DA:1229,0
DA:1232,0
DA:1234,0
DA:1245,0
DA:1246,0
DA:1247,0
DA:1248,0
DA:1249,0
DA:1250,0
DA:1251,0
DA:1252,0
DA:1255,0
DA:1267,0
DA:1269,0
DA:1271,0
DA:1274,0
DA:1285,0
DA:1286,0
DA:1287,0
DA:1288,0
DA:1289,0
DA:1290,0
DA:1291,0
DA:1292,0
DA:1295,0
DA:1307,0
DA:1309,0
DA:1311,0
DA:1335,0
DA:1337,0
DA:1339,0
DA:1340,0
DA:1342,0
DA:1346,0
DA:1347,0
DA:1354,0
DA:1359,0
DA:1361,0
DA:1364,0
DA:1367,0
DA:1368,0
DA:1370,0
DA:1373,0
DA:1375,0
DA:1377,0
DA:1380,0
DA:1382,0
DA:1393,0
DA:1394,0
DA:1395,0
DA:1396,0
DA:1397,0
DA:1398,0
DA:1399,0
DA:1400,0
DA:1403,0
DA:1415,0
DA:1417,0
DA:1419,0
DA:1422,0
DA:1433,0
DA:1434,0
DA:1435,0
DA:1436,0
DA:1437,0
DA:1438,0
DA:1439,0
DA:1440,0
DA:1443,0
DA:1455,0
DA:1457,0
DA:1459,0
DA:1483,0
DA:1484,0
DA:1486,0
DA:1487,0
DA:1489,0
DA:1493,0
DA:1494,0
DA:1498,0
DA:1500,0
DA:1503,0
DA:1504,0
DA:1511,2
DA:1516,1
DA:1518,2
DA:1521,1
DA:1524,1
DA:1525,2
DA:1526,0
DA:1529,1
DA:1531,5
DA:1533,0
DA:1536,0
DA:1538,0
DA:1549,0
DA:1550,0
DA:1551,0
DA:1552,0
DA:1553,0
DA:1554,0
DA:1555,0
DA:1556,0
DA:1559,0
DA:1571,0
DA:1573,0
DA:1575,0
DA:1578,0
DA:1589,0
DA:1590,0
DA:1591,0
DA:1592,0
DA:1593,0
DA:1594,0
DA:1595,0
DA:1596,0
DA:1599,0
DA:1611,0
DA:1613,0
DA:1615,0
LF:448
LH:35
end_of_record
SF:lib/features/news/presentation/news_list/news_bloc.dart
DA:20,1
DA:22,1
DA:25,1
DA:28,2
DA:29,1
DA:30,1
DA:32,4
DA:33,1
DA:34,2
DA:38,1
DA:39,3
DA:40,1
DA:41,2
DA:43,1
DA:44,2
DA:48,0
DA:49,0
LF:17
LH:15
end_of_record
