SF:lib/core/network/newtork_info.dart
DA:13,1
DA:15,1
DA:16,2
LF:3
LH:3
end_of_record
SF:lib/core/exceptions/exceptions.dart
DA:3,2
LF:1
LH:1
end_of_record
SF:lib/features/news/data/datasource/news_remote_data_source.dart
DA:28,1
DA:31,0
DA:35,1
DA:41,1
DA:47,1
DA:55,3
DA:57,1
DA:60,0
DA:63,2
DA:64,2
DA:66,2
DA:67,1
DA:68,1
LF:13
LH:11
end_of_record
SF:lib/features/news/data/model/news_item_model.dart
DA:5,8
DA:14,3
DA:24,6
DA:25,3
DA:26,3
DA:27,3
DA:28,3
DA:29,3
DA:30,3
DA:31,3
DA:32,3
DA:35,4
DA:36,2
DA:37,2
DA:38,2
DA:39,2
DA:40,2
DA:41,2
DA:42,2
DA:43,2
LF:20
LH:20
end_of_record
SF:lib/features/news/data/model/news_model.dart
DA:8,1
DA:10,2
DA:19,0
DA:22,7
DA:28,2
DA:36,4
DA:37,2
DA:38,2
DA:39,8
DA:41,2
DA:42,2
DA:43,4
DA:44,6
DA:46,2
DA:49,2
DA:50,1
DA:51,4
DA:52,1
DA:54,5
DA:55,1
LF:20
LH:19
end_of_record
SF:lib/features/news/domain/entity/news_item.dart
DA:4,8
DA:24,3
DA:25,12
LF:3
LH:3
end_of_record
SF:lib/features/news/domain/entity/news.dart
DA:5,7
DA:19,2
DA:20,6
LF:3
LH:3
end_of_record
SF:lib/core/failure/api_failure.freezed.dart
DA:10,0
DA:14,2
DA:17,0
DA:18,0
DA:24,0
DA:29,0
DA:77,0
DA:95,0
DA:97,0
DA:99,0
DA:100,0
DA:102,0
DA:106,0
DA:107,0
DA:114,5
DA:119,1
DA:121,2
DA:124,2
DA:127,1
DA:128,2
DA:129,0
DA:132,1
DA:134,5
DA:136,0
DA:139,0
DA:141,0
DA:148,0
DA:149,0
DA:150,0
DA:151,0
DA:154,0
DA:162,0
DA:164,0
DA:166,0
DA:169,0
DA:176,0
DA:177,0
DA:178,0
DA:179,0
DA:182,0
DA:190,0
DA:192,0
DA:194,0
DA:216,0
DA:218,0
DA:220,0
DA:221,0
DA:226,2
DA:228,0
DA:233,0
DA:235,0
DA:238,0
DA:239,0
DA:241,0
DA:248,0
DA:249,0
DA:250,0
DA:251,0
DA:254,0
DA:262,0
DA:264,0
DA:266,0
DA:269,0
DA:276,0
DA:277,0
DA:278,0
DA:279,0
DA:282,0
DA:290,0
DA:292,0
DA:294,0
DA:313,0
DA:315,0
DA:317,0
DA:318,0
DA:323,4
DA:325,1
DA:330,1
DA:332,0
DA:335,1
DA:336,2
DA:338,0
DA:345,0
DA:346,0
DA:347,0
DA:348,0
DA:351,0
DA:359,0
DA:361,0
DA:363,0
DA:366,0
DA:373,0
DA:374,0
DA:375,0
DA:376,0
DA:379,0
DA:387,0
DA:389,0
DA:391,0
LF:99
LH:15
end_of_record
SF:lib/features/news/data/repository/news_repository.dart
DA:14,1
DA:17,0
DA:18,0
DA:21,1
DA:23,4
DA:30,1
DA:34,3
DA:35,2
DA:36,1
DA:37,1
DA:38,3
DA:40,0
LF:12
LH:9
end_of_record
SF:lib/core/usecase/usecase.dart
DA:9,0
DA:10,0
LF:2
LH:0
end_of_record
SF:lib/features/news/domain/usecase/get_news.dart
DA:16,1
DA:22,1
DA:23,1
DA:24,3
DA:25,2
DA:26,1
DA:27,1
DA:28,3
DA:33,3
DA:34,3
DA:35,2
DA:36,1
DA:37,2
DA:39,1
DA:40,4
DA:41,1
DA:42,2
DA:44,0
DA:46,3
DA:50,1
LF:20
LH:19
end_of_record
